{"_time": "2025-12-14T09:12:48Z", "index": "waf", "sourcetype": "waf:access", "src_ip": "80.196.184.236", "http_method": "POST", "uri_path": "/signin", "status": 404, "user_agent": "python-requests/2.31"}
{"_time": "2025-12-14T09:43:30Z", "index": "win", "sourcetype": "WinEventLog:Security", "EventCode": 4624, "user": "helpdesk", "src_ip": "10.178.206.104", "host": "WIN-DC01"}
{"_time": "2025-12-14T09:09:24Z", "index": "waf", "sourcetype": "waf:access", "src_ip": "80.196.184.236", "http_method": "GET", "uri_path": "/signin", "status": 403, "user_agent": "Mozilla/5.0 (compatible; credential-stuffer/1.0)"}
{"_time": "2025-12-14T09:29:12Z", "index": "waf", "sourcetype": "waf:access", "src_ip": "10.171.123.90", "http_method": "GET", "uri_path": "/pricing", "status": 200, "user_agent": "Mozilla/5.0 (Windows NT 10.0; Win64; x64) AppleWebKit/537.36 Chrome/121.0"}
{"_time": "2025-12-14T09:32:15Z", "index": "win", "sourcetype": "WinEventLog:Security", "EventCode": 4625, "user": "helpdesk", "src_ip": "10.204.33.130", "host": "WIN-DC01", "FailureReason": "Unknown user name or bad password"}
{"_time": "2025-12-14T09:01:00Z", "index": "win", "sourcetype": "WinEventLog:Security", "EventCode": 4625, "user": "finance", "src_ip": "146.187.84.199", "host": "WIN-DC01", "FailureReason": "Unknown user name or bad password"}
{"_time": "2025-12-14T09:09:00Z", "index": "win", "sourcetype": "WinEventLog:Security", "EventCode": 4625, "user": "admin", "src_ip": "80.196.184.236", "host": "WIN-DC01", "FailureReason": "Unknown user name or bad password"}
{"_time": "2025-12-14T09:08:36Z", "index": "waf", "sourcetype": "waf:access", "src_ip": "80.196.184.236", "http_method": "GET", "uri_path": "/admin", "status": 401, "user_agent": "Go-http-client/1.1"}
{"_time": "2025-12-14T09:04:20Z", "index": "waf", "sourcetype": "waf:access", "src_ip": "146.187.84.199", "http_method": "POST", "uri_path": "/login", "status": 429, "user_agent": "curl/8.4.0"}
{"_time": "2025-12-14T09:25:18Z", "index": "waf", "sourcetype": "waf:access", "src_ip": "10.48.17.207", "http_method": "GET", "uri_path": "/", "status": 200, "user_agent": "Mozilla/5.0 (iPhone; CPU iPhone OS 17_2 like Mac OS X) AppleWebKit/605.1.15 Mobile"}
{"_time": "2025-12-14T09:09:20Z", "index": "waf", "sourcetype": "waf:access", "src_ip": "146.187.84.199", "http_method": "POST", "uri_path": "/login", "status": 403, "user_agent": "curl/8.4.0"}
{"_time": "2025-12-14T09:40:30Z", "index": "win", "sourcetype": "WinEventLog:Security", "EventCode": 4624, "user": "helpdesk", "src_ip": "10.178.206.104", "host": "WIN-DC01"}
{"_time": "2025-12-14T09:16:24Z", "index": "waf", "sourcetype": "waf:access", "src_ip": "80.196.184.236", "http_method": "GET", "uri_path": "/", "status": 403, "user_agent": "curl/8.4.0"}
{"_time": "2025-12-14T09:11:12Z", "index": "waf", "sourcetype": "waf:access", "src_ip": "80.196.184.236", "http_method": "POST", "uri_path": "/", "status": 403, "user_agent": "python-requests/2.31"}
{"_time": "2025-12-14T09:14:48Z", "index": "waf", "sourcetype": "waf:access", "src_ip": "80.196.184.236", "http_method": "POST", "uri_path": "/auth", "status": 403, "user_agent": "curl/8.4.0"}
{"_time": "2025-12-14T09:15:00Z", "index": "win", "sourcetype": "WinEventLog:Security", "EventCode": 4625, "user": "j.doe", "src_ip": "80.196.184.236", "host": "WIN-DC01", "FailureReason": "Unknown user name or bad password"}
{"_time": "2025-12-14T09:04:10Z", "index": "waf", "sourcetype": "waf:access", "src_ip": "146.187.84.199", "http_method": "POST", "uri_path": "/login", "status": 401, "user_agent": "python-requests/2.31"}
{"_time": "2025-12-14T09:03:00Z", "index": "win", "sourcetype": "WinEventLog:Security", "EventCode": 4625, "user": "a.smith", "src_ip": "146.187.84.199", "host": "WIN-DC01", "FailureReason": "Unknown user name or bad password"}
{"_time": "2025-12-14T09:10:12Z", "index": "waf", "sourcetype": "waf:access", "src_ip": "80.196.184.236", "http_method": "GET", "uri_path": "/robots.txt", "status": 403, "user_agent": "python-requests/2.31"}
{"_time": "2025-12-14T09:10:00Z", "index": "waf", "sourcetype": "waf:access", "src_ip": "146.187.84.199", "http_method": "POST", "uri_path": "/login", "status": 401, "user_agent": "Go-http-client/1.1"}
{"_time": "2025-12-14T09:30:42Z", "index": "waf", "sourcetype": "waf:access", "src_ip": "10.163.61.228", "http_method": "GET", "uri_path": "/pricing", "status": 200, "user_agent": "Mozilla/5.0 (Macintosh; Intel Mac OS X 14_6) AppleWebKit/537.36 Chrome/120.0"}
{"_time": "2025-12-14T09:06:50Z", "index": "waf", "sourcetype": "waf:access", "src_ip": "146.187.84.199", "http_method": "POST", "uri_path": "/login", "status": 403, "user_agent": "python-requests/2.31"}
{"_time": "2025-12-14T09:13:40Z", "index": "win", "sourcetype": "WinEventLog:Security", "EventCode": 4625, "user": "j.doe", "src_ip": "80.196.184.236", "host": "WIN-DC01", "FailureReason": "Unknown user name or bad password"}
{"_time": "2025-12-14T09:13:48Z", "index": "waf", "sourcetype": "waf:access", "src_ip": "80.196.184.236", "http_method": "POST", "uri_path": "/admin", "status": 404, "user_agent": "curl/8.4.0"}
{"_time": "2025-12-14T09:12:00Z", "index": "win", "sourcetype": "WinEventLog:Security", "EventCode": 4625, "user": "j.doe", "src_ip": "146.187.84.199", "host": "WIN-DC01", "FailureReason": "Unknown user name or bad password"}
{"_time": "2025-12-14T09:29:48Z", "index": "waf", "sourcetype": "waf:access", "src_ip": "10.209.118.33", "http_method": "POST", "uri_path": "/login", "status": 401, "user_agent": "Mozilla/5.0 (Macintosh; Intel Mac OS X 14_6) AppleWebKit/537.36 Chrome/120.0"}
{"_time": "2025-12-14T09:33:45Z", "index": "win", "sourcetype": "WinEventLog:Security", "EventCode": 4624, "user": "a.smith", "src_ip": "10.204.33.130", "host": "WIN-DC01"}
{"_time": "2025-12-14T09:13:00Z", "index": "win", "sourcetype": "WinEventLog:Security", "EventCode": 4625, "user": "j.doe", "src_ip": "146.187.84.199", "host": "WIN-DC01", "FailureReason": "Unknown user name or bad password"}
{"_time": "2025-12-14T09:10:30Z", "index": "waf", "sourcetype": "waf:access", "src_ip": "146.187.84.199", "http_method": "POST", "uri_path": "/login", "status": 403, "user_agent": "Mozilla/5.0 (compatible; credential-stuffer/1.0)"}
{"_time": "2025-12-14T09:08:30Z", "index": "waf", "sourcetype": "waf:access", "src_ip": "146.187.84.199", "http_method": "POST", "uri_path": "/login", "status": 401, "user_agent": "curl/8.4.0"}
{"_time": "2025-12-14T09:03:20Z", "index": "waf", "sourcetype": "waf:access", "src_ip": "146.187.84.199", "http_method": "POST", "uri_path": "/login", "status": 403, "user_agent": "Mozilla/5.0 (compatible; credential-stuffer/1.0)"}
{"_time": "2025-12-14T09:07:30Z", "index": "win", "sourcetype": "WinEventLog:Security", "EventCode": 4625, "user": "j.doe", "src_ip": "80.196.184.236", "host": "WIN-DC01", "FailureReason": "Unknown user name or bad password"}
{"_time": "2025-12-14T09:08:40Z", "index": "waf", "sourcetype": "waf:access", "src_ip": "146.187.84.199", "http_method": "POST", "uri_path": "/login", "status": 401, "user_agent": "Mozilla/5.0 (compatible; credential-stuffer/1.0)"}
{"_time": "2025-12-14T09:16:20Z", "index": "win", "sourcetype": "WinEventLog:Security", "EventCode": 4625, "user": "j.doe", "src_ip": "146.187.84.199", "host": "WIN-DC01", "FailureReason": "Unknown user name or bad password"}
{"_time": "2025-12-14T09:09:40Z", "index": "waf", "sourcetype": "waf:access", "src_ip": "146.187.84.199", "http_method": "POST", "uri_path": "/login", "status": 403, "user_agent": "curl/8.4.0"}
{"_time": "2025-12-14T09:18:20Z", "index": "win", "sourcetype": "WinEventLog:Security", "EventCode": 4625, "user": "j.doe", "src_ip": "146.187.84.199", "host": "WIN-DC01", "FailureReason": "Unknown user name or bad password"}
{"_time": "2025-12-14T09:17:20Z", "index": "win", "sourcetype": "WinEventLog:Security", "EventCode": 4625, "user": "j.doe", "src_ip": "146.187.84.199", "host": "WIN-DC01", "FailureReason": "Unknown user name or bad password"}
{"_time": "2025-12-14T09:07:10Z", "index": "waf", "sourcetype": "waf:access", "src_ip": "146.187.84.199", "http_method": "POST", "uri_path": "/login", "status": 401, "user_agent": "curl/8.4.0"}
{"_time": "2025-12-14T09:26:12Z", "index": "waf", "sourcetype": "waf:access", "src_ip": "10.234.131.241", "http_method": "GET", "uri_path": "/", "status": 200, "user_agent": "Mozilla/5.0 (Macintosh; Intel Mac OS X 14_6) AppleWebKit/537.36 Chrome/120.0"}
{"_time": "2025-12-14T09:13:00Z", "index": "win", "sourcetype": "WinEventLog:Security", "EventCode": 4625, "user": "a.smith", "src_ip": "146.187.84.199", "host": "WIN-DC01", "FailureReason": "Unknown user name or bad password"}
{"_time": "2025-12-14T09:11:36Z", "index": "waf", "sourcetype": "waf:access", "src_ip": "80.196.184.236", "http_method": "GET", "uri_path": "/login", "status": 404, "user_agent": "curl/8.4.0"}
{"_time": "2025-12-14T09:01:20Z", "index": "waf", "sourcetype": "waf:access", "src_ip": "146.187.84.199", "http_method": "POST", "uri_path": "/login", "status": 401, "user_agent": "Mozilla/5.0 (compatible; credential-stuffer/1.0)"}
{"_time": "2025-12-14T09:06:30Z", "index": "waf", "sourcetype": "waf:access", "src_ip": "146.187.84.199", "http_method": "POST", "uri_path": "/login", "status": 401, "user_agent": "python-requests/2.31"}
{"_time": "2025-12-14T09:09:30Z", "index": "win", "sourcetype": "WinEventLog:Security", "EventCode": 4625, "user": "j.doe", "src_ip": "80.196.184.236", "host": "WIN-DC01", "FailureReason": "Unknown user name or bad password"}
{"_time": "2025-12-14T09:04:40Z", "index": "waf", "sourcetype": "waf:access", "src_ip": "146.187.84.199", "http_method": "POST", "uri_path": "/login", "status": 429, "user_agent": "Go-http-client/1.1"}
{"_time": "2025-12-14T09:07:20Z", "index": "waf", "sourcetype": "waf:access", "src_ip": "146.187.84.199", "http_method": "POST", "uri_path": "/login", "status": 401, "user_agent": "Go-http-client/1.1"}
{"_time": "2025-12-14T09:14:00Z", "index": "waf", "sourcetype": "waf:access", "src_ip": "80.196.184.236", "http_method": "POST", "uri_path": "/.env", "status": 404, "user_agent": "python-requests/2.31"}
{"_time": "2025-12-14T09:08:48Z", "index": "waf", "sourcetype": "waf:access", "src_ip": "80.196.184.236", "http_method": "GET", "uri_path": "/robots.txt", "status": 404, "user_agent": "Go-http-client/1.1"}
{"_time": "2025-12-14T09:42:45Z", "index": "win", "sourcetype": "WinEventLog:Security", "EventCode": 4624, "user": "a.smith", "src_ip": "10.178.206.104", "host": "WIN-DC01"}
{"_time": "2025-12-14T09:46:30Z", "index": "win", "sourcetype": "WinEventLog:Security", "EventCode": 4624, "user": "helpdesk", "src_ip": "10.178.206.104", "host": "WIN-DC01"}
{"_time": "2025-12-14T09:00:30Z", "index": "win", "sourcetype": "WinEventLog:Security", "EventCode": 4625, "user": "j.doe", "src_ip": "80.196.184.236", "host": "WIN-DC01", "FailureReason": "Unknown user name or bad password"}
{"_time": "2025-12-14T09:16:40Z", "index": "win", "sourcetype": "WinEventLog:Security", "EventCode": 4625, "user": "j.doe", "src_ip": "146.187.84.199", "host": "WIN-DC01", "FailureReason": "Unknown user name or bad password"}
{"_time": "2025-12-14T09:08:00Z", "index": "waf", "sourcetype": "waf:access", "src_ip": "80.196.184.236", "http_method": "GET", "uri_path": "/login", "status": 404, "user_agent": "Go-http-client/1.1"}
{"_time": "2025-12-14T09:08:20Z", "index": "waf", "sourcetype": "waf:access", "src_ip": "146.187.84.199", "http_method": "POST", "uri_path": "/login", "status": 401, "user_agent": "Go-http-client/1.1"}
{"_time": "2025-12-14T09:28:00Z", "index": "waf", "sourcetype": "waf:access", "src_ip": "10.161.170.236", "http_method": "POST", "uri_path": "/docs", "status": 200, "user_agent": "Mozilla/5.0 (Macintosh; Intel Mac OS X 14_6) AppleWebKit/537.36 Chrome/120.0"}
{"_time": "2025-12-14T09:13:24Z", "index": "waf", "sourcetype": "waf:access", "src_ip": "80.196.184.236", "http_method": "POST", "uri_path": "/api/v1/login", "status": 403, "user_agent": "Go-http-client/1.1"}
{"_time": "2025-12-14T09:03:50Z", "index": "waf", "sourcetype": "waf:access", "src_ip": "146.187.84.199", "http_method": "POST", "uri_path": "/login", "status": 401, "user_agent": "Mozilla/5.0 (compatible; credential-stuffer/1.0)"}
{"_time": "2025-12-14T09:02:30Z", "index": "waf", "sourcetype": "waf:access", "src_ip": "146.187.84.199", "http_method": "POST", "uri_path": "/login", "status": 401, "user_agent": "Go-http-client/1.1"}
{"_time": "2025-12-14T09:34:30Z", "index": "win", "sourcetype": "WinEventLog:Security", "EventCode": 4625, "user": "a.smith", "src_ip": "10.178.206.104", "host": "WIN-DC01", "FailureReason": "Unknown user name or bad password"}
{"_time": "2025-12-14T09:06:30Z", "index": "win", "sourcetype": "WinEventLog:Security", "EventCode": 4625, "user": "a.smith", "src_ip": "80.196.184.236", "host": "WIN-DC01", "FailureReason": "Unknown user name or bad password"}
{"_time": "2025-12-14T09:09:12Z", "index": "waf", "sourcetype": "waf:access", "src_ip": "80.196.184.236", "http_method": "POST", "uri_path": "/signin", "status": 404, "user_agent": "Go-http-client/1.1"}
{"_time": "2025-12-14T09:05:30Z", "index": "waf", "sourcetype": "waf:access", "src_ip": "146.187.84.199", "http_method": "POST", "uri_path": "/login", "status": 401, "user_agent": "Go-http-client/1.1"}
{"_time": "2025-12-14T09:10:20Z", "index": "waf", "sourcetype": "waf:access", "src_ip": "146.187.84.199", "http_method": "POST", "uri_path": "/login", "status": 403, "user_agent": "Mozilla/5.0 (compatible; credential-stuffer/1.0)"}
{"_time": "2025-12-14T09:12:20Z", "index": "win", "sourcetype": "WinEventLog:Security", "EventCode": 4625, "user": "j.doe", "src_ip": "146.187.84.199", "host": "WIN-DC01", "FailureReason": "Unknown user name or bad password"}
{"_time": "2025-12-14T09:42:00Z", "index": "win", "sourcetype": "WinEventLog:Security", "EventCode": 4624, "user": "it.admin", "src_ip": "10.204.33.130", "host": "WIN-DC01"}
{"_time": "2025-12-14T09:30:00Z", "index": "win", "sourcetype": "WinEventLog:Security", "EventCode": 4624, "user": "a.smith", "src_ip": "10.178.206.104", "host": "WIN-DC01"}
{"_time": "2025-12-14T09:10:40Z", "index": "waf", "sourcetype": "waf:access", "src_ip": "146.187.84.199", "http_method": "POST", "uri_path": "/login", "status": 403, "user_agent": "Mozilla/5.0 (compatible; credential-stuffer/1.0)"}
{"_time": "2025-12-14T09:10:48Z", "index": "waf", "sourcetype": "waf:access", "src_ip": "80.196.184.236", "http_method": "GET", "uri_path": "/admin", "status": 403, "user_agent": "python-requests/2.31"}
{"_time": "2025-12-14T09:09:00Z", "index": "waf", "sourcetype": "waf:access", "src_ip": "80.196.184.236", "http_method": "POST", "uri_path": "/api/v1/login", "status": 404, "user_agent": "python-requests/2.31"}
{"_time": "2025-12-14T09:05:40Z", "index": "waf", "sourcetype": "waf:access", "src_ip": "146.187.84.199", "http_method": "POST", "uri_path": "/login", "status": 403, "user_agent": "curl/8.4.0"}
{"_time": "2025-12-14T09:35:15Z", "index": "win", "sourcetype": "WinEventLog:Security", "EventCode": 4625, "user": "helpdesk", "src_ip": "10.178.206.104", "host": "WIN-DC01", "FailureReason": "Account locked out"}
{"_time": "2025-12-14T09:08:00Z", "index": "waf", "sourcetype": "waf:access", "src_ip": "146.187.84.199", "http_method": "POST", "uri_path": "/login", "status": 401, "user_agent": "curl/8.4.0"}
{"_time": "2025-12-14T09:05:00Z", "index": "win", "sourcetype": "WinEventLog:Security", "EventCode": 4625, "user": "support", "src_ip": "80.196.184.236", "host": "WIN-DC01", "FailureReason": "Unknown user name or bad password"}
{"_time": "2025-12-14T09:25:54Z", "index": "waf", "sourcetype": "waf:access", "src_ip": "10.34.166.214", "http_method": "POST", "uri_path": "/account", "status": 200, "user_agent": "Mozilla/5.0 (Windows NT 10.0; Win64; x64) AppleWebKit/537.36 Chrome/121.0"}
{"_time": "2025-12-14T09:01:40Z", "index": "waf", "sourcetype": "waf:access", "src_ip": "146.187.84.199", "http_method": "POST", "uri_path": "/login", "status": 401, "user_agent": "python-requests/2.31"}
{"_time": "2025-12-14T09:04:00Z", "index": "win", "sourcetype": "WinEventLog:Security", "EventCode": 4625, "user": "finance", "src_ip": "80.196.184.236", "host": "WIN-DC01", "FailureReason": "Unknown user name or bad password"}
{"_time": "2025-12-14T09:02:10Z", "index": "waf", "sourcetype": "waf:access", "src_ip": "146.187.84.199", "http_method": "POST", "uri_path": "/login", "status": 401, "user_agent": "python-requests/2.31"}
{"_time": "2025-12-14T09:02:50Z", "index": "waf", "sourcetype": "waf:access", "src_ip": "146.187.84.199", "http_method": "POST", "uri_path": "/login", "status": 401, "user_agent": "python-requests/2.31"}
{"_time": "2025-12-14T09:07:40Z", "index": "waf", "sourcetype": "waf:access", "src_ip": "146.187.84.199", "http_method": "POST", "uri_path": "/login", "status": 401, "user_agent": "python-requests/2.31"}
{"_time": "2025-12-14T09:31:30Z", "index": "win", "sourcetype": "WinEventLog:Security", "EventCode": 4624, "user": "it.admin", "src_ip": "10.204.33.130", "host": "WIN-DC01"}
{"_time": "2025-12-14T09:10:36Z", "index": "waf", "sourcetype": "waf:access", "src_ip": "80.196.184.236", "http_method": "GET", "uri_path": "/api/v1/login", "status": 404, "user_agent": "curl/8.4.0"}
{"_time": "2025-12-14T09:13:20Z", "index": "win", "sourcetype": "WinEventLog:Security", "EventCode": 4625, "user": "j.doe", "src_ip": "146.187.84.199", "host": "WIN-DC01", "FailureReason": "Unknown user name or bad password"}
{"_time": "2025-12-14T09:16:00Z", "index": "win", "sourcetype": "WinEventLog:Security", "EventCode": 4625, "user": "j.doe", "src_ip": "80.196.184.236", "host": "WIN-DC01", "FailureReason": "Unknown user name or bad password"}
{"_time": "2025-12-14T09:02:20Z", "index": "waf", "sourcetype": "waf:access", "src_ip": "146.187.84.199", "http_method": "POST", "uri_path": "/login", "status": 403, "user_agent": "Mozilla/5.0 (compatible; credential-stuffer/1.0)"}
{"_time": "2025-12-14T09:08:50Z", "index": "waf", "sourcetype": "waf:access", "src_ip": "146.187.84.199", "http_method": "POST", "uri_path": "/login", "status": 401, "user_agent": "python-requests/2.31"}
{"_time": "2025-12-14T09:01:00Z", "index": "waf", "sourcetype": "waf:access", "src_ip": "146.187.84.199", "http_method": "POST", "uri_path": "/login", "status": 401, "user_agent": "python-requests/2.31"}
{"_time": "2025-12-14T09:29:30Z", "index": "waf", "sourcetype": "waf:access", "src_ip": "10.230.118.221", "http_method": "POST", "uri_path": "/account", "status": 200, "user_agent": "Mozilla/5.0 (iPhone; CPU iPhone OS 17_2 like Mac OS X) AppleWebKit/605.1.15 Mobile"}
{"_time": "2025-12-14T09:10:00Z", "index": "waf", "sourcetype": "waf:access", "src_ip": "80.196.184.236", "http_method": "GET", "uri_path": "/.env", "status": 500, "user_agent": "Mozilla/5.0 (compatible; credential-stuffer/1.0)"}
{"_time": "2025-12-14T09:01:50Z", "index": "waf", "sourcetype": "waf:access", "src_ip": "146.187.84.199", "http_method": "POST", "uri_path": "/login", "status": 403, "user_agent": "Mozilla/5.0 (compatible; credential-stuffer/1.0)"}
{"_time": "2025-12-14T09:27:06Z", "index": "waf", "sourcetype": "waf:access", "src_ip": "10.137.38.43", "http_method": "POST", "uri_path": "/pricing", "status": 401, "user_agent": "Mozilla/5.0 (Windows NT 10.0; Win64; x64) AppleWebKit/537.36 Chrome/121.0"}
{"_time": "2025-12-14T09:17:00Z", "index": "win", "sourcetype": "WinEventLog:Security", "EventCode": 4625, "user": "j.doe", "src_ip": "146.187.84.199", "host": "WIN-DC01", "FailureReason": "Unknown user name or bad password"}
{"_time": "2025-12-14T09:04:30Z", "index": "waf", "sourcetype": "waf:access", "src_ip": "146.187.84.199", "http_method": "POST", "uri_path": "/login", "status": 401, "user_agent": "Mozilla/5.0 (compatible; credential-stuffer/1.0)"}
{"_time": "2025-12-14T09:15:12Z", "index": "waf", "sourcetype": "waf:access", "src_ip": "80.196.184.236", "http_method": "POST", "uri_path": "/signin", "status": 401, "user_agent": "Mozilla/5.0 (compatible; credential-stuffer/1.0)"}
{"_time": "2025-12-14T09:11:24Z", "index": "waf", "sourcetype": "waf:access", "src_ip": "80.196.184.236", "http_method": "POST", "uri_path": "/robots.txt", "status": 403, "user_agent": "python-requests/2.31"}
{"_time": "2025-12-14T09:01:30Z", "index": "waf", "sourcetype": "waf:access", "src_ip": "146.187.84.199", "http_method": "POST", "uri_path": "/login", "status": 401, "user_agent": "curl/8.4.0"}
{"_time": "2025-12-14T09:15:00Z", "index": "waf", "sourcetype": "waf:access", "src_ip": "80.196.184.236", "http_method": "POST", "uri_path": "/.env", "status": 401, "user_agent": "Go-http-client/1.1"}
{"_time": "2025-12-14T09:31:18Z", "index": "waf", "sourcetype": "waf:access", "src_ip": "10.109.125.6", "http_method": "GET", "uri_path": "/account", "status": 200, "user_agent": "Mozilla/5.0 (iPhone; CPU iPhone OS 17_2 like Mac OS X) AppleWebKit/605.1.15 Mobile"}
{"_time": "2025-12-14T09:04:50Z", "index": "waf", "sourcetype": "waf:access", "src_ip": "146.187.84.199", "http_method": "POST", "uri_path": "/login", "status": 401, "user_agent": "Go-http-client/1.1"}
{"_time": "2025-12-14T09:02:00Z", "index": "win", "sourcetype": "WinEventLog:Security", "EventCode": 4625, "user": "j.doe", "src_ip": "80.196.184.236", "host": "WIN-DC01", "FailureReason": "Unknown user name or bad password"}
{"_time": "2025-12-14T09:14:00Z", "index": "win", "sourcetype": "WinEventLog:Security", "EventCode": 4625, "user": "j.doe", "src_ip": "80.196.184.236", "host": "WIN-DC01", "FailureReason": "Unknown user name or bad password"}
{"_time": "2025-12-14T09:10:00Z", "index": "win", "sourcetype": "WinEventLog:Security", "EventCode": 4625, "user": "j.doe", "src_ip": "146.187.84.199", "host": "WIN-DC01", "FailureReason": "Unknown user name or bad password"}
{"_time": "2025-12-14T09:08:00Z", "index": "win", "sourcetype": "WinEventLog:Security", "EventCode": 4625, "user": "admin", "src_ip": "146.187.84.199", "host": "WIN-DC01", "FailureReason": "Unknown user name or bad password"}
{"_time": "2025-12-14T09:05:30Z", "index": "win", "sourcetype": "WinEventLog:Security", "EventCode": 4625, "user": "admin", "src_ip": "146.187.84.199", "host": "WIN-DC01", "FailureReason": "Unknown user name or bad password"}
{"_time": "2025-12-14T09:49:30Z", "index": "win", "sourcetype": "WinEventLog:Security", "EventCode": 4624, "user": "svc_backup", "src_ip": "10.178.206.104", "host": "WIN-DC01"}
{"_time": "2025-12-14T09:30:06Z", "index": "waf", "sourcetype": "waf:access", "src_ip": "10.73.153.174", "http_method": "POST", "uri_path": "/account", "status": 200, "user_agent": "Mozilla/5.0 (iPhone; CPU iPhone OS 17_2 like Mac OS X) AppleWebKit/605.1.15 Mobile"}
{"_time": "2025-12-14T09:12:12Z", "index": "waf", "sourcetype": "waf:access", "src_ip": "80.196.184.236", "http_method": "POST", "uri_path": "/signin", "status": 403, "user_agent": "curl/8.4.0"}
{"_time": "2025-12-14T09:37:30Z", "index": "win", "sourcetype": "WinEventLog:Security", "EventCode": 4624, "user": "helpdesk", "src_ip": "10.204.33.130", "host": "WIN-DC01"}
{"_time": "2025-12-14T09:07:00Z", "index": "win", "sourcetype": "WinEventLog:Security", "EventCode": 4625, "user": "admin", "src_ip": "146.187.84.199", "host": "WIN-DC01", "FailureReason": "Unknown user name or bad password"}
{"_time": "2025-12-14T09:09:30Z", "index": "waf", "sourcetype": "waf:access", "src_ip": "146.187.84.199", "http_method": "POST", "uri_path": "/login", "status": 403, "user_agent": "curl/8.4.0"}
{"_time": "2025-12-14T09:09:36Z", "index": "waf", "sourcetype": "waf:access", "src_ip": "80.196.184.236", "http_method": "POST", "uri_path": "/login", "status": 403, "user_agent": "Go-http-client/1.1"}
{"_time": "2025-12-14T09:05:20Z", "index": "waf", "sourcetype": "waf:access", "src_ip": "146.187.84.199", "http_method": "POST", "uri_path": "/login", "status": 401, "user_agent": "Go-http-client/1.1"}
{"_time": "2025-12-14T09:11:30Z", "index": "win", "sourcetype": "WinEventLog:Security", "EventCode": 4625, "user": "j.doe", "src_ip": "80.196.184.236", "host": "WIN-DC01", "FailureReason": "Unknown user name or bad password"}
{"_time": "2025-12-14T09:01:10Z", "index": "waf", "sourcetype": "waf:access", "src_ip": "146.187.84.199", "http_method": "POST", "uri_path": "/login", "status": 403, "user_agent": "curl/8.4.0"}
{"_time": "2025-12-14T09:28:18Z", "index": "waf", "sourcetype": "waf:access", "src_ip": "10.221.143.113", "http_method": "POST", "uri_path": "/account", "status": 200, "user_agent": "Mozilla/5.0 (Windows NT 10.0; Win64; x64) AppleWebKit/537.36 Chrome/121.0"}
{"_time": "2025-12-14T09:13:12Z", "index": "waf", "sourcetype": "waf:access", "src_ip": "80.196.184.236", "http_method": "GET", "uri_path": "/login", "status": 404, "user_agent": "Mozilla/5.0 (compatible; credential-stuffer/1.0)"}
{"_time": "2025-12-14T09:14:20Z", "index": "win", "sourcetype": "WinEventLog:Security", "EventCode": 4625, "user": "j.doe", "src_ip": "80.196.184.236", "host": "WIN-DC01", "FailureReason": "Unknown user name or bad password"}
{"_time": "2025-12-14T09:27:24Z", "index": "waf", "sourcetype": "waf:access", "src_ip": "10.219.12.111", "http_method": "POST", "uri_path": "/login", "status": 200, "user_agent": "Mozilla/5.0 (Windows NT 10.0; Win64; x64) AppleWebKit/537.36 Chrome/121.0"}
{"_time": "2025-12-14T09:30:24Z", "index": "waf", "sourcetype": "waf:access", "src_ip": "10.25.131.162", "http_method": "GET", "uri_path": "/pricing", "status": 200, "user_agent": "Mozilla/5.0 (Macintosh; Intel Mac OS X 14_6) AppleWebKit/537.36 Chrome/120.0"}
{"_time": "2025-12-14T09:14:40Z", "index": "win", "sourcetype": "WinEventLog:Security", "EventCode": 4625, "user": "j.doe", "src_ip": "80.196.184.236", "host": "WIN-DC01", "FailureReason": "Unknown user name or bad password"}
{"_time": "2025-12-14T09:00:40Z", "index": "waf", "sourcetype": "waf:access", "src_ip": "146.187.84.199", "http_method": "POST", "uri_path": "/login", "status": 401, "user_agent": "Mozilla/5.0 (compatible; credential-stuffer/1.0)"}
{"_time": "2025-12-14T09:18:00Z", "index": "win", "sourcetype": "WinEventLog:Security", "EventCode": 4625, "user": "j.doe", "src_ip": "146.187.84.199", "host": "WIN-DC01", "FailureReason": "Unknown user name or bad password"}
{"_time": "2025-12-14T09:39:45Z", "index": "win", "sourcetype": "WinEventLog:Security", "EventCode": 4624, "user": "it.admin", "src_ip": "10.204.33.130", "host": "WIN-DC01"}
{"_time": "2025-12-14T09:08:12Z", "index": "waf", "sourcetype": "waf:access", "src_ip": "80.196.184.236", "http_method": "GET", "uri_path": "/auth", "status": 401, "user_agent": "curl/8.4.0"}
{"_time": "2025-12-14T09:31:00Z", "index": "waf", "sourcetype": "waf:access", "src_ip": "10.107.255.49", "http_method": "GET", "uri_path": "/account", "status": 200, "user_agent": "Mozilla/5.0 (Macintosh; Intel Mac OS X 14_6) AppleWebKit/537.36 Chrome/120.0"}
{"_time": "2025-12-14T09:15:20Z", "index": "win", "sourcetype": "WinEventLog:Security", "EventCode": 4625, "user": "j.doe", "src_ip": "146.187.84.199", "host": "WIN-DC01", "FailureReason": "Unknown user name or bad password"}
{"_time": "2025-12-14T09:11:00Z", "index": "win", "sourcetype": "WinEventLog:Security", "EventCode": 4625, "user": "j.doe", "src_ip": "80.196.184.236", "host": "WIN-DC01", "FailureReason": "Unknown user name or bad password"}
{"_time": "2025-12-14T09:19:00Z", "index": "win", "sourcetype": "WinEventLog:Security", "EventCode": 4625, "user": "j.doe", "src_ip": "146.187.84.199", "host": "WIN-DC01", "FailureReason": "Unknown user name or bad password"}
{"_time": "2025-12-14T09:13:36Z", "index": "waf", "sourcetype": "waf:access", "src_ip": "80.196.184.236", "http_method": "GET", "uri_path": "/.env", "status": 404, "user_agent": "Go-http-client/1.1"}
{"_time": "2025-12-14T09:08:24Z", "index": "waf", "sourcetype": "waf:access", "src_ip": "80.196.184.236", "http_method": "POST", "uri_path": "/login", "status": 404, "user_agent": "Go-http-client/1.1"}
{"_time": "2025-12-14T09:15:36Z", "index": "waf", "sourcetype": "waf:access", "src_ip": "80.196.184.236", "http_method": "GET", "uri_path": "/", "status": 404, "user_agent": "Mozilla/5.0 (compatible; credential-stuffer/1.0)"}
{"_time": "2025-12-14T09:45:45Z", "index": "win", "sourcetype": "WinEventLog:Security", "EventCode": 4624, "user": "it.admin", "src_ip": "10.178.206.104", "host": "WIN-DC01"}
{"_time": "2025-12-14T09:25:36Z", "index": "waf", "sourcetype": "waf:access", "src_ip": "10.5.183.144", "http_method": "GET", "uri_path": "/docs", "status": 200, "user_agent": "Mozilla/5.0 (Macintosh; Intel Mac OS X 14_6) AppleWebKit/537.36 Chrome/120.0"}
{"_time": "2025-12-14T09:30:45Z", "index": "win", "sourcetype": "WinEventLog:Security", "EventCode": 4624, "user": "helpdesk", "src_ip": "10.178.206.104", "host": "WIN-DC01"}
{"_time": "2025-12-14T09:01:30Z", "index": "win", "sourcetype": "WinEventLog:Security", "EventCode": 4625, "user": "admin", "src_ip": "80.196.184.236", "host": "WIN-DC01", "FailureReason": "Unknown user name or bad password"}
{"_time": "2025-12-14T09:09:00Z", "index": "waf", "sourcetype": "waf:access", "src_ip": "146.187.84.199", "http_method": "POST", "uri_path": "/login", "status": 403, "user_agent": "Go-http-client/1.1"}
{"_time": "2025-12-14T09:15:40Z", "index": "win", "sourcetype": "WinEventLog:Security", "EventCode": 4625, "user": "j.doe", "src_ip": "80.196.184.236", "host": "WIN-DC01", "FailureReason": "Unknown user name or bad password"}
{"_time": "2025-12-14T09:12:40Z", "index": "win", "sourcetype": "WinEventLog:Security", "EventCode": 4625, "user": "j.doe", "src_ip": "146.187.84.199", "host": "WIN-DC01", "FailureReason": "Unknown user name or bad password"}
{"_time": "2025-12-14T09:03:00Z", "index": "waf", "sourcetype": "waf:access", "src_ip": "146.187.84.199", "http_method": "POST", "uri_path": "/login", "status": 401, "user_agent": "python-requests/2.31"}
{"_time": "2025-12-14T09:12:36Z", "index": "waf", "sourcetype": "waf:access", "src_ip": "80.196.184.236", "http_method": "POST", "uri_path": "/api/v1/login", "status": 500, "user_agent": "Go-http-client/1.1"}
{"_time": "2025-12-14T09:36:00Z", "index": "win", "sourcetype": "WinEventLog:Security", "EventCode": 4624, "user": "svc_backup", "src_ip": "10.204.33.130", "host": "WIN-DC01"}
{"_time": "2025-12-14T09:09:50Z", "index": "waf", "sourcetype": "waf:access", "src_ip": "146.187.84.199", "http_method": "POST", "uri_path": "/login", "status": 401, "user_agent": "python-requests/2.31"}
{"_time": "2025-12-14T09:15:48Z", "index": "waf", "sourcetype": "waf:access", "src_ip": "80.196.184.236", "http_method": "GET", "uri_path": "/admin", "status": 404, "user_agent": "curl/8.4.0"}
{"_time": "2025-12-14T09:38:15Z", "index": "win", "sourcetype": "WinEventLog:Security", "EventCode": 4624, "user": "a.smith", "src_ip": "10.178.206.104", "host": "WIN-DC01"}
{"_time": "2025-12-14T09:17:40Z", "index": "win", "sourcetype": "WinEventLog:Security", "EventCode": 4625, "user": "j.doe", "src_ip": "80.196.184.236", "host": "WIN-DC01", "FailureReason": "Unknown user name or bad password"}
{"_time": "2025-12-14T09:00:50Z", "index": "waf", "sourcetype": "waf:access", "src_ip": "146.187.84.199", "http_method": "POST", "uri_path": "/login", "status": 401, "user_agent": "curl/8.4.0"}
{"_time": "2025-12-14T09:11:00Z", "index": "waf", "sourcetype": "waf:access", "src_ip": "80.196.184.236", "http_method": "POST", "uri_path": "/signin", "status": 404, "user_agent": "Mozilla/5.0 (compatible; credential-stuffer/1.0)"}
{"_time": "2025-12-14T09:11:40Z", "index": "win", "sourcetype": "WinEventLog:Security", "EventCode": 4625, "user": "j.doe", "src_ip": "146.187.84.199", "host": "WIN-DC01", "FailureReason": "Unknown user name or bad password"}
{"_time": "2025-12-14T09:00:00Z", "index": "win", "sourcetype": "WinEventLog:Security", "EventCode": 4625, "user": "finance", "src_ip": "146.187.84.199", "host": "WIN-DC01", "FailureReason": "Unknown user name or bad password"}
{"_time": "2025-12-14T09:03:30Z", "index": "win", "sourcetype": "WinEventLog:Security", "EventCode": 4625, "user": "a.smith", "src_ip": "146.187.84.199", "host": "WIN-DC01", "FailureReason": "Unknown user name or bad password"}
{"_time": "2025-12-14T09:12:00Z", "index": "waf", "sourcetype": "waf:access", "src_ip": "80.196.184.236", "http_method": "GET", "uri_path": "/", "status": 403, "user_agent": "Go-http-client/1.1"}
{"_time": "2025-12-14T09:06:10Z", "index": "waf", "sourcetype": "waf:access", "src_ip": "146.187.84.199", "http_method": "POST", "uri_path": "/login", "status": 401, "user_agent": "Mozilla/5.0 (compatible; credential-stuffer/1.0)"}
{"_time": "2025-12-14T09:26:48Z", "index": "waf", "sourcetype": "waf:access", "src_ip": "10.64.116.39", "http_method": "GET", "uri_path": "/login", "status": 200, "user_agent": "Mozilla/5.0 (Windows NT 10.0; Win64; x64) AppleWebKit/537.36 Chrome/121.0"}
{"_time": "2025-12-14T09:11:00Z", "index": "win", "sourcetype": "WinEventLog:Security", "EventCode": 4625, "user": "admin", "src_ip": "146.187.84.199", "host": "WIN-DC01", "FailureReason": "Unknown user name or bad password"}
{"_time": "2025-12-14T09:09:10Z", "index": "waf", "sourcetype": "waf:access", "src_ip": "146.187.84.199", "http_method": "POST", "uri_path": "/login", "status": 401, "user_agent": "curl/8.4.0"}
{"_time": "2025-12-14T09:28:54Z", "index": "waf", "sourcetype": "waf:access", "src_ip": "10.152.86.220", "http_method": "GET", "uri_path": "/pricing", "status": 200, "user_agent": "Mozilla/5.0 (iPhone; CPU iPhone OS 17_2 like Mac OS X) AppleWebKit/605.1.15 Mobile"}
{"_time": "2025-12-14T09:48:00Z", "index": "win", "sourcetype": "WinEventLog:Security", "EventCode": 4624, "user": "a.smith", "src_ip": "10.204.33.130", "host": "WIN-DC01"}
{"_time": "2025-12-14T09:33:00Z", "index": "win", "sourcetype": "WinEventLog:Security", "EventCode": 4624, "user": "it.admin", "src_ip": "10.204.33.130", "host": "WIN-DC01"}
{"_time": "2025-12-14T09:48:45Z", "index": "win", "sourcetype": "WinEventLog:Security", "EventCode": 4624, "user": "helpdesk", "src_ip": "10.204.33.130", "host": "WIN-DC01"}
{"_time": "2025-12-14T09:11:48Z", "index": "waf", "sourcetype": "waf:access", "src_ip": "80.196.184.236", "http_method": "GET", "uri_path": "/auth", "status": 403, "user_agent": "python-requests/2.31"}
{"_time": "2025-12-14T09:28:36Z", "index": "waf", "sourcetype": "waf:access", "src_ip": "10.27.160.125", "http_method": "GET", "uri_path": "/", "status": 200, "user_agent": "Mozilla/5.0 (Windows NT 10.0; Win64; x64) AppleWebKit/537.36 Chrome/121.0"}
{"_time": "2025-12-14T09:13:00Z", "index": "waf", "sourcetype": "waf:access", "src_ip": "80.196.184.236", "http_method": "GET", "uri_path": "/robots.txt", "status": 404, "user_agent": "Mozilla/5.0 (compatible; credential-stuffer/1.0)"}
{"_time": "2025-12-14T09:18:40Z", "index": "win", "sourcetype": "WinEventLog:Security", "EventCode": 4625, "user": "j.doe", "src_ip": "146.187.84.199", "host": "WIN-DC01", "FailureReason": "Unknown user name or bad password"}
{"_time": "2025-12-14T09:16:12Z", "index": "waf", "sourcetype": "waf:access", "src_ip": "80.196.184.236", "http_method": "POST", "uri_path": "/admin", "status": 404, "user_agent": "python-requests/2.31"}
{"_time": "2025-12-14T09:10:40Z", "index": "win", "sourcetype": "WinEventLog:Security", "EventCode": 4625, "user": "j.doe", "src_ip": "80.196.184.236", "host": "WIN-DC01", "FailureReason": "Unknown user name or bad password"}
{"_time": "2025-12-14T09:10:30Z", "index": "win", "sourcetype": "WinEventLog:Security", "EventCode": 4625, "user": "support", "src_ip": "146.187.84.199", "host": "WIN-DC01", "FailureReason": "Unknown user name or bad password"}
{"_time": "2025-12-14T09:12:00Z", "index": "win", "sourcetype": "WinEventLog:Security", "EventCode": 4625, "user": "j.doe", "src_ip": "80.196.184.236", "host": "WIN-DC01", "FailureReason": "Unknown user name or bad password"}
{"_time": "2025-12-14T09:08:10Z", "index": "waf", "sourcetype": "waf:access", "src_ip": "146.187.84.199", "http_method": "POST", "uri_path": "/login", "status": 403, "user_agent": "Go-http-client/1.1"}
{"_time": "2025-12-14T09:13:30Z", "index": "win", "sourcetype": "WinEventLog:Security", "EventCode": 4625, "user": "j.doe", "src_ip": "146.187.84.199", "host": "WIN-DC01", "FailureReason": "Unknown user name or bad password"}
{"_time": "2025-12-14T09:03:30Z", "index": "waf", "sourcetype": "waf:access", "src_ip": "146.187.84.199", "http_method": "POST", "uri_path": "/login", "status": 401, "user_agent": "curl/8.4.0"}
{"_time": "2025-12-14T09:15:24Z", "index": "waf", "sourcetype": "waf:access", "src_ip": "80.196.184.236", "http_method": "POST", "uri_path": "/.env", "status": 403, "user_agent": "Mozilla/5.0 (compatible; credential-stuffer/1.0)"}
{"_time": "2025-12-14T09:22:00Z", "index": "win", "sourcetype": "WinEventLog:Security", "EventCode": 4728, "user": "j.doe", "src_ip": "146.187.84.199", "host": "WIN-DC01", "Group": "Domain Admins", "Action": "AddedMember"}
{"_time": "2025-12-14T09:06:00Z", "index": "win", "sourcetype": "WinEventLog:Security", "EventCode": 4625, "user": "finance", "src_ip": "146.187.84.199", "host": "WIN-DC01", "FailureReason": "Unknown user name or bad password"}
{"_time": "2025-12-14T09:14:24Z", "index": "waf", "sourcetype": "waf:access", "src_ip": "80.196.184.236", "http_method": "GET", "uri_path": "/api/v1/login", "status": 401, "user_agent": "python-requests/2.31"}
{"_time": "2025-12-14T09:07:30Z", "index": "waf", "sourcetype": "waf:access", "src_ip": "146.187.84.199", "http_method": "POST", "uri_path": "/login", "status": 403, "user_agent": "python-requests/2.31"}
{"_time": "2025-12-14T09:00:20Z", "index": "waf", "sourcetype": "waf:access", "src_ip": "146.187.84.199", "http_method": "POST", "uri_path": "/login", "status": 403, "user_agent": "python-requests/2.31"}
{"_time": "2025-12-14T09:25:00Z", "index": "waf", "sourcetype": "waf:access", "src_ip": "10.117.98.130", "http_method": "POST", "uri_path": "/docs", "status": 200, "user_agent": "Mozilla/5.0 (iPhone; CPU iPhone OS 17_2 like Mac OS X) AppleWebKit/605.1.15 Mobile"}
{"_time": "2025-12-14T09:12:30Z", "index": "win", "sourcetype": "WinEventLog:Security", "EventCode": 4625, "user": "a.smith", "src_ip": "146.187.84.199", "host": "WIN-DC01", "FailureReason": "Unknown user name or bad password"}
{"_time": "2025-12-14T09:36:45Z", "index": "win", "sourcetype": "WinEventLog:Security", "EventCode": 4624, "user": "svc_backup", "src_ip": "10.204.33.130", "host": "WIN-DC01"}
{"_time": "2025-12-14T09:07:00Z", "index": "waf", "sourcetype": "waf:access", "src_ip": "146.187.84.199", "http_method": "POST", "uri_path": "/login", "status": 429, "user_agent": "Mozilla/5.0 (compatible; credential-stuffer/1.0)"}
{"_time": "2025-12-14T09:08:30Z", "index": "win", "sourcetype": "WinEventLog:Security", "EventCode": 4625, "user": "admin", "src_ip": "80.196.184.236", "host": "WIN-DC01", "FailureReason": "Unknown user name or bad password"}
{"_time": "2025-12-14T09:10:24Z", "index": "waf", "sourcetype": "waf:access", "src_ip": "80.196.184.236", "http_method": "POST", "uri_path": "/api/v1/login", "status": 404, "user_agent": "Go-http-client/1.1"}
{"_time": "2025-12-14T09:05:50Z", "index": "waf", "sourcetype": "waf:access", "src_ip": "146.187.84.199", "http_method": "POST", "uri_path": "/login", "status": 401, "user_agent": "python-requests/2.31"}
{"_time": "2025-12-14T09:00:30Z", "index": "waf", "sourcetype": "waf:access", "src_ip": "146.187.84.199", "http_method": "POST", "uri_path": "/login", "status": 401, "user_agent": "Mozilla/5.0 (compatible; credential-stuffer/1.0)"}
{"_time": "2025-12-14T09:02:00Z", "index": "waf", "sourcetype": "waf:access", "src_ip": "146.187.84.199", "http_method": "POST", "uri_path": "/login", "status": 429, "user_agent": "Go-http-client/1.1"}
{"_time": "2025-12-14T09:14:36Z", "index": "waf", "sourcetype": "waf:access", "src_ip": "80.196.184.236", "http_method": "POST", "uri_path": "/admin", "status": 403, "user_agent": "python-requests/2.31"}
{"_time": "2025-12-14T09:03:10Z", "index": "waf", "sourcetype": "waf:access", "src_ip": "146.187.84.199", "http_method": "POST", "uri_path": "/login", "status": 403, "user_agent": "Go-http-client/1.1"}
{"_time": "2025-12-14T09:00:10Z", "index": "waf", "sourcetype": "waf:access", "src_ip": "146.187.84.199", "http_method": "POST", "uri_path": "/login", "status": 401, "user_agent": "curl/8.4.0"}
{"_time": "2025-12-14T09:05:00Z", "index": "waf", "sourcetype": "waf:access", "src_ip": "146.187.84.199", "http_method": "POST", "uri_path": "/login", "status": 401, "user_agent": "Mozilla/5.0 (compatible; credential-stuffer/1.0)"}
{"_time": "2025-12-14T09:02:30Z", "index": "win", "sourcetype": "WinEventLog:Security", "EventCode": 4625, "user": "support", "src_ip": "80.196.184.236", "host": "WIN-DC01", "FailureReason": "Unknown user name or bad password"}
{"_time": "2025-12-14T09:07:50Z", "index": "waf", "sourcetype": "waf:access", "src_ip": "146.187.84.199", "http_method": "POST", "uri_path": "/login", "status": 401, "user_agent": "Mozilla/5.0 (compatible; credential-stuffer/1.0)"}
{"_time": "2025-12-14T09:04:00Z", "index": "waf", "sourcetype": "waf:access", "src_ip": "146.187.84.199", "http_method": "POST", "uri_path": "/login", "status": 401, "user_agent": "curl/8.4.0"}
{"_time": "2025-12-14T09:09:48Z", "index": "waf", "sourcetype": "waf:access", "src_ip": "80.196.184.236", "http_method": "POST", "uri_path": "/auth", "status": 403, "user_agent": "Mozilla/5.0 (compatible; credential-stuffer/1.0)"}
{"_time": "2025-12-14T09:26:30Z", "index": "waf", "sourcetype": "waf:access", "src_ip": "10.16.103.194", "http_method": "GET", "uri_path": "/pricing", "status": 200, "user_agent": "Mozilla/5.0 (iPhone; CPU iPhone OS 17_2 like Mac OS X) AppleWebKit/605.1.15 Mobile"}
{"_time": "2025-12-14T09:06:00Z", "index": "waf", "sourcetype": "waf:access", "src_ip": "146.187.84.199", "http_method": "POST", "uri_path": "/login", "status": 403, "user_agent": "python-requests/2.31"}
{"_time": "2025-12-14T09:11:20Z", "index": "win", "sourcetype": "WinEventLog:Security", "EventCode": 4625, "user": "j.doe", "src_ip": "146.187.84.199", "host": "WIN-DC01", "FailureReason": "Unknown user name or bad password"}
{"_time": "2025-12-14T09:16:00Z", "index": "waf", "sourcetype": "waf:access", "src_ip": "80.196.184.236", "http_method": "POST", "uri_path": "/admin", "status": 404, "user_agent": "curl/8.4.0"}
{"_time": "2025-12-14T09:16:00Z", "index": "win", "sourcetype": "WinEventLog:Security", "EventCode": 4624, "user": "j.doe", "src_ip": "146.187.84.199", "host": "WIN-DC01", "LogonType": 3}
{"_time": "2025-12-14T09:12:24Z", "index": "waf", "sourcetype": "waf:access", "src_ip": "80.196.184.236", "http_method": "POST", "uri_path": "/api/v1/login", "status": 403, "user_agent": "Go-http-client/1.1"}
{"_time": "2025-12-14T09:44:15Z", "index": "win", "sourcetype": "WinEventLog:Security", "EventCode": 4624, "user": "a.smith", "src_ip": "10.204.33.130", "host": "WIN-DC01"}
{"_time": "2025-12-14T09:47:15Z", "index": "win", "sourcetype": "WinEventLog:Security", "EventCode": 4625, "user": "it.admin", "src_ip": "10.178.206.104", "host": "WIN-DC01", "FailureReason": "Unknown user name or bad password"}
{"_time": "2025-12-14T09:03:40Z", "index": "waf", "sourcetype": "waf:access", "src_ip": "146.187.84.199", "http_method": "POST", "uri_path": "/login", "status": 401, "user_agent": "curl/8.4.0"}
{"_time": "2025-12-14T09:06:20Z", "index": "waf", "sourcetype": "waf:access", "src_ip": "146.187.84.199", "http_method": "POST", "uri_path": "/login", "status": 429, "user_agent": "Mozilla/5.0 (compatible; credential-stuffer/1.0)"}
{"_time": "2025-12-14T09:39:00Z", "index": "win", "sourcetype": "WinEventLog:Security", "EventCode": 4624, "user": "svc_backup", "src_ip": "10.178.206.104", "host": "WIN-DC01"}
{"_time": "2025-12-14T09:05:10Z", "index": "waf", "sourcetype": "waf:access", "src_ip": "146.187.84.199", "http_method": "POST", "uri_path": "/login", "status": 401, "user_agent": "Go-http-client/1.1"}
{"_time": "2025-12-14T09:04:30Z", "index": "win", "sourcetype": "WinEventLog:Security", "EventCode": 4625, "user": "admin", "src_ip": "146.187.84.199", "host": "WIN-DC01", "FailureReason": "Unknown user name or bad password"}
{"_time": "2025-12-14T09:02:40Z", "index": "waf", "sourcetype": "waf:access", "src_ip": "146.187.84.199", "http_method": "POST", "uri_path": "/login", "status": 401, "user_agent": "Go-http-client/1.1"}
{"_time": "2025-12-14T09:41:15Z", "index": "win", "sourcetype": "WinEventLog:Security", "EventCode": 4624, "user": "helpdesk", "src_ip": "10.178.206.104", "host": "WIN-DC01"}
{"_time": "2025-12-14T09:10:10Z", "index": "waf", "sourcetype": "waf:access", "src_ip": "146.187.84.199", "http_method": "POST", "uri_path": "/login", "status": 401, "user_agent": "curl/8.4.0"}
{"_time": "2025-12-14T09:10:00Z", "index": "win", "sourcetype": "WinEventLog:Security", "EventCode": 4625, "user": "j.doe", "src_ip": "80.196.184.236", "host": "WIN-DC01", "FailureReason": "Unknown user name or bad password"}
{"_time": "2025-12-14T09:45:00Z", "index": "win", "sourcetype": "WinEventLog:Security", "EventCode": 4624, "user": "helpdesk", "src_ip": "10.204.33.130", "host": "WIN-DC01"}
{"_time": "2025-12-14T09:14:12Z", "index": "waf", "sourcetype": "waf:access", "src_ip": "80.196.184.236", "http_method": "POST", "uri_path": "/", "status": 403, "user_agent": "Mozilla/5.0 (compatible; credential-stuffer/1.0)"}
{"_time": "2025-12-14T09:10:20Z", "index": "win", "sourcetype": "WinEventLog:Security", "EventCode": 4625, "user": "j.doe", "src_ip": "146.187.84.199", "host": "WIN-DC01", "FailureReason": "Unknown user name or bad password"}
{"_time": "2025-12-14T09:00:00Z", "index": "waf", "sourcetype": "waf:access", "src_ip": "146.187.84.199", "http_method": "POST", "uri_path": "/login", "status": 401, "user_agent": "Mozilla/5.0 (compatible; credential-stuffer/1.0)"}
{"_time": "2025-12-14T09:27:42Z", "index": "waf", "sourcetype": "waf:access", "src_ip": "10.157.135.232", "http_method": "POST", "uri_path": "/docs", "status": 200, "user_agent": "Mozilla/5.0 (Macintosh; Intel Mac OS X 14_6) AppleWebKit/537.36 Chrome/120.0"}
{"_time": "2025-12-14T09:06:40Z", "index": "waf", "sourcetype": "waf:access", "src_ip": "146.187.84.199", "http_method": "POST", "uri_path": "/login", "status": 403, "user_agent": "Mozilla/5.0 (compatible; credential-stuffer/1.0)"}
